(0.009) 
            SELECT c.relname, c.relkind
            FROM pg_catalog.pg_class c
            LEFT JOIN pg_catalog.pg_namespace n ON n.oid = c.relnamespace
            WHERE c.relkind IN ('r', 'v')
                AND n.nspname NOT IN ('pg_catalog', 'pg_toast')
                AND pg_catalog.pg_table_is_visible(c.oid); args=None
(0.001) SELECT "django_migrations"."app", "django_migrations"."name" FROM "django_migrations"; args=()
"GET / HTTP/1.1" 200 1944
"GET /static/bootstrap4/css/bootstrap.min.css HTTP/1.1" 304 0
"GET /static/css/style.css HTTP/1.1" 304 0
"GET /static/img/mbr.jpg HTTP/1.1" 304 0
(0.003) SELECT "empweb_employee"."id", "empweb_employee"."employee_name", "empweb_employee"."username", "empweb_employee"."password", "empweb_employee"."salary", "empweb_employee"."startDate" FROM "empweb_employee"  LIMIT 21; args=()
"GET /empweb/ HTTP/1.1" 200 1875
(0.001) SELECT "empweb_employee"."id", "empweb_employee"."employee_name", "empweb_employee"."username", "empweb_employee"."password", "empweb_employee"."salary", "empweb_employee"."startDate" FROM "empweb_employee"  LIMIT 21; args=()
(0.002) SELECT "empweb_employee"."id", "empweb_employee"."employee_name", "empweb_employee"."username", "empweb_employee"."password", "empweb_employee"."salary", "empweb_employee"."startDate" FROM "empweb_employee" WHERE "empweb_employee"."username" = 'test'; args=('test',)
"POST /empweb/ HTTP/1.1" 200 2758
"GET /static/jquery-3.3.1.min.js HTTP/1.1" 304 0
"GET /static/bootstrap4/js/bootstrap.min.js HTTP/1.1" 304 0
"GET /static/popper.min.js HTTP/1.1" 304 0
